<?xml version="1.0" encoding="UTF-8"?>
<testng-results ignored="0" total="1" passed="0" failed="1" skipped="0">
  <reporter-output>
  </reporter-output>
  <suite started-at="2024-10-14T22:21:29 IST" name="Default suite" finished-at="2024-10-14T22:21:53 IST" duration-ms="23902">
    <groups>
      <group name="cucumber">
        <method signature="AbstractTestNGCucumberTests.runScenario(io.cucumber.testng.PickleWrapper,io.cucumber.testng.FeatureWrapper)[pri:0, instance:swaglabsTestRunner.swaglabsTestRunner@6a84a97d]" name="runScenario" class="io.cucumber.testng.AbstractTestNGCucumberTests"/>
      </group> <!-- cucumber -->
    </groups>
    <test started-at="2024-10-14T22:21:29 IST" name="Default test" finished-at="2024-10-14T22:21:53 IST" duration-ms="23902">
      <class name="swaglabsTestRunner.swaglabsTestRunner">
        <test-method is-config="true" signature="setUpClass(org.testng.ITestContext)[pri:0, instance:swaglabsTestRunner.swaglabsTestRunner@6a84a97d]" started-at="2024-10-14T22:21:29 IST" name="setUpClass" finished-at="2024-10-14T22:21:29 IST" duration-ms="426" status="PASS">
          <params>
            <param index="0">
              <value>
                <![CDATA[org.testng.TestRunner@1cec219f]]>
              </value>
            </param>
          </params>
          <reporter-output>
          </reporter-output>
        </test-method> <!-- setUpClass -->
        <test-method signature="runScenario(io.cucumber.testng.PickleWrapper,io.cucumber.testng.FeatureWrapper)[pri:0, instance:swaglabsTestRunner.swaglabsTestRunner@6a84a97d]" started-at="2024-10-14T22:21:29 IST" name="runScenario" description="Runs Cucumber Scenarios" data-provider="scenarios" finished-at="2024-10-14T22:21:53 IST" duration-ms="23416" status="FAIL">
          <params>
            <param index="0">
              <value>
                <![CDATA["swaglabs login functianality with invalid and valid credentials"]]>
              </value>
            </param>
            <param index="1">
              <value>
                <![CDATA["swaglabs End to End testing"]]>
              </value>
            </param>
          </params>
          <exception class="org.openqa.selenium.StaleElementReferenceException">
            <message>
              <![CDATA[stale element reference: stale element not found
  (Session info: chrome=130.0.6723.44)
For documentation on this error, please visit: https://www.selenium.dev/documentation/webdriver/troubleshooting/errors#stale-element-reference-exception
Build info: version: '4.23.0', revision: '4df0a231af'
System info: os.name: 'Windows 11', os.arch: 'amd64', os.version: '10.0', java.version: '17.0.10'
Driver info: org.openqa.selenium.chrome.ChromeDriver
Command: [674761b225b561344351e4fe71a030fa, isElementDisplayed {id=f.5E7161429251ACE9C486B2D6FBD9F085.d.67FB6260FFAF68CBCBCDB53C4B209F09.e.7}]
Capabilities {acceptInsecureCerts: false, browserName: chrome, browserVersion: 130.0.6723.44, chrome: {chromedriverVersion: 130.0.6723.44 (0927c6858981..., userDataDir: C:\Users\silem\AppData\Loca...}, fedcm:accounts: true, goog:chromeOptions: {debuggerAddress: localhost:53221}, networkConnectionEnabled: false, pageLoadStrategy: normal, platformName: windows, proxy: Proxy(), se:cdp: ws://localhost:53221/devtoo..., se:cdpVersion: 130.0.6723.44, setWindowRect: true, strictFileInteractability: false, timeouts: {implicit: 0, pageLoad: 300000, script: 30000}, unhandledPromptBehavior: dismiss and notify, webauthn:extension:credBlob: true, webauthn:extension:largeBlob: true, webauthn:extension:minPinLength: true, webauthn:extension:prf: true, webauthn:virtualAuthenticators: true}
Element: [[ChromeDriver: chrome on windows (674761b225b561344351e4fe71a030fa)] -> id: login-button]
Session ID: 674761b225b561344351e4fe71a030fa]]>
            </message>
            <full-stacktrace>
              <![CDATA[org.openqa.selenium.StaleElementReferenceException: stale element reference: stale element not found
  (Session info: chrome=130.0.6723.44)
For documentation on this error, please visit: https://www.selenium.dev/documentation/webdriver/troubleshooting/errors#stale-element-reference-exception
Build info: version: '4.23.0', revision: '4df0a231af'
System info: os.name: 'Windows 11', os.arch: 'amd64', os.version: '10.0', java.version: '17.0.10'
Driver info: org.openqa.selenium.chrome.ChromeDriver
Command: [674761b225b561344351e4fe71a030fa, isElementDisplayed {id=f.5E7161429251ACE9C486B2D6FBD9F085.d.67FB6260FFAF68CBCBCDB53C4B209F09.e.7}]
Capabilities {acceptInsecureCerts: false, browserName: chrome, browserVersion: 130.0.6723.44, chrome: {chromedriverVersion: 130.0.6723.44 (0927c6858981..., userDataDir: C:\Users\silem\AppData\Loca...}, fedcm:accounts: true, goog:chromeOptions: {debuggerAddress: localhost:53221}, networkConnectionEnabled: false, pageLoadStrategy: normal, platformName: windows, proxy: Proxy(), se:cdp: ws://localhost:53221/devtoo..., se:cdpVersion: 130.0.6723.44, setWindowRect: true, strictFileInteractability: false, timeouts: {implicit: 0, pageLoad: 300000, script: 30000}, unhandledPromptBehavior: dismiss and notify, webauthn:extension:credBlob: true, webauthn:extension:largeBlob: true, webauthn:extension:minPinLength: true, webauthn:extension:prf: true, webauthn:virtualAuthenticators: true}
Element: [[ChromeDriver: chrome on windows (674761b225b561344351e4fe71a030fa)] -> id: login-button]
Session ID: 674761b225b561344351e4fe71a030fa
at java.base/jdk.internal.reflect.NativeConstructorAccessorImpl.newInstance0(Native Method)
at java.base/jdk.internal.reflect.NativeConstructorAccessorImpl.newInstance(NativeConstructorAccessorImpl.java:77)
at java.base/jdk.internal.reflect.DelegatingConstructorAccessorImpl.newInstance(DelegatingConstructorAccessorImpl.java:45)
at java.base/java.lang.reflect.Constructor.newInstanceWithCaller(Constructor.java:499)
at java.base/java.lang.reflect.Constructor.newInstance(Constructor.java:480)
at org.openqa.selenium.remote.ErrorCodec.decode(ErrorCodec.java:167)
at org.openqa.selenium.remote.codec.w3c.W3CHttpResponseCodec.decode(W3CHttpResponseCodec.java:138)
at org.openqa.selenium.remote.codec.w3c.W3CHttpResponseCodec.decode(W3CHttpResponseCodec.java:50)
at org.openqa.selenium.remote.HttpCommandExecutor.execute(HttpCommandExecutor.java:190)
at org.openqa.selenium.remote.service.DriverCommandExecutor.invokeExecute(DriverCommandExecutor.java:216)
at org.openqa.selenium.remote.service.DriverCommandExecutor.execute(DriverCommandExecutor.java:174)
at org.openqa.selenium.remote.RemoteWebDriver.execute(RemoteWebDriver.java:527)
at org.openqa.selenium.remote.RemoteWebElement.execute(RemoteWebElement.java:223)
at org.openqa.selenium.remote.RemoteWebElement.isDisplayed(RemoteWebElement.java:282)
at swaglabspages.Swaglabspages.user_click_on_the_login_button(Swaglabspages.java:168)
at swaglabsStepDefinitons.swaglabsStepDefiniton.click_on_the_login_button(swaglabsStepDefiniton.java:90)
at ✽.click on the login button(file:///D:/eclips/New%20folder/swaglabs/src/test/resources/swaglabs/swaglabs.feature:15)
]]>
            </full-stacktrace>
          </exception> <!-- org.openqa.selenium.StaleElementReferenceException -->
          <reporter-output>
          </reporter-output>
        </test-method> <!-- runScenario -->
        <test-method is-config="true" signature="tearDownClass()[pri:0, instance:swaglabsTestRunner.swaglabsTestRunner@6a84a97d]" started-at="2024-10-14T22:21:53 IST" name="tearDownClass" finished-at="2024-10-14T22:21:53 IST" duration-ms="19" status="PASS">
          <reporter-output>
          </reporter-output>
        </test-method> <!-- tearDownClass -->
      </class> <!-- swaglabsTestRunner.swaglabsTestRunner -->
    </test> <!-- Default test -->
  </suite> <!-- Default suite -->
</testng-results>
